<?xml version="1.0" encoding="UTF-8"?>
<testng-results ignored="2" total="5" passed="3" failed="0" skipped="0">
  <reporter-output>
  </reporter-output>
  <suite started-at="2021-01-16T02:01:21Z" name="Suite2" finished-at="2021-01-16T02:01:21Z" duration-ms="34">
    <groups>
      <group name="smoke">
        <method signature="Groups_check.test1()[pri:0, instance:pack4.Groups_check@797b0699]" name="test1" class="pack4.Groups_check"/>
        <method signature="Groups_check.test3()[pri:0, instance:pack4.Groups_check@797b0699]" name="test3" class="pack4.Groups_check"/>
        <method signature="Groups_check.test4()[pri:0, instance:pack4.Groups_check@797b0699]" name="test4" class="pack4.Groups_check"/>
      </group> <!-- smoke -->
      <group name="sanity">
        <method signature="Groups_check.test1()[pri:0, instance:pack4.Groups_check@797b0699]" name="test1" class="pack4.Groups_check"/>
        <method signature="Groups_check.test4()[pri:0, instance:pack4.Groups_check@797b0699]" name="test4" class="pack4.Groups_check"/>
      </group> <!-- sanity -->
    </groups>
    <test started-at="2021-01-16T02:01:21Z" name="Test_suite2" finished-at="2021-01-16T02:01:21Z" duration-ms="34">
      <class name="pack4.Groups_check">
        <test-method signature="test1()[pri:0, instance:pack4.Groups_check@797b0699]" started-at="2021-01-16T02:01:21Z" name="test1" finished-at="2021-01-16T02:01:21Z" duration-ms="7" status="PASS">
          <reporter-output>
          </reporter-output>
        </test-method> <!-- test1 -->
        <test-method signature="test4()[pri:0, instance:pack4.Groups_check@797b0699]" started-at="2021-01-16T02:01:21Z" name="test4" finished-at="2021-01-16T02:01:21Z" duration-ms="0" status="PASS">
          <reporter-output>
          </reporter-output>
        </test-method> <!-- test4 -->
        <test-method signature="test3()[pri:0, instance:pack4.Groups_check@797b0699]" started-at="2021-01-16T02:01:21Z" name="test3" finished-at="2021-01-16T02:01:21Z" duration-ms="0" status="PASS">
          <reporter-output>
          </reporter-output>
        </test-method> <!-- test3 -->
      </class> <!-- pack4.Groups_check -->
    </test> <!-- Test_suite2 -->
  </suite> <!-- Suite2 -->
</testng-results>
