<?xml version="1.0" encoding="UTF-8"?>
<!-- Generated by org.testng.reporters.JUnitXMLReporter -->
<testsuite ignored="2" hostname="DESKTOP-9RK3R81" failures="0" tests="3" name="Test_suite2" time="0.034" errors="0" timestamp="16 Jan 2021 02:01:21 GMT">
  <testcase classname="pack4.Groups_check" name="test1" time="0.007"/>
  <testcase classname="pack4.Groups_check" name="test3" time="0.0"/>
  <testcase classname="pack4.Groups_check" name="test4" time="0.0"/>
  <testcase classname="pack4.Groups_check" name="test2" time="0.0">
    <ignored/>
  </testcase> <!-- test2 -->
  <testcase classname="pack4.Groups_check" name="test5" time="0.0">
    <ignored/>
  </testcase> <!-- test5 -->
</testsuite> <!-- Test_suite2 -->
